<?xml version="1.0" encoding="euc-kr"?>
<!DOCTYPE mapper PUBLIC "-//mybatis.org//DTD Mapper 3.0//EN" "http://mybatis.org/dtd/mybatis-3-mapper.dtd">
<mapper namespace="com.example.maven01.mapper.TestMapper">

    <select id="selectTest" resultType="int">
       select count(*) from ratings_stats_kjh00
    </select>

</mapper>